<?xml version="1.0" encoding="UTF-8"?>
<testng-results ignored="0" total="1" passed="1" failed="0" skipped="0">
  <reporter-output>
  </reporter-output>
  <suite started-at="2024-02-05T10:40:49 IST" name="Default suite" finished-at="2024-02-05T10:40:54 IST" duration-ms="4239">
    <groups>
    </groups>
    <test started-at="2024-02-05T10:40:49 IST" name="Default test" finished-at="2024-02-05T10:40:54 IST" duration-ms="4239">
      <class name="EcommerceProject.EcommerceApiTest">
        <test-method signature="commerce()[pri:0, instance:EcommerceProject.EcommerceApiTest@6392827e]" started-at="2024-02-05T10:40:49 IST" name="commerce" finished-at="2024-02-05T10:40:54 IST" duration-ms="4182" status="PASS">
          <reporter-output>
          </reporter-output>
        </test-method> <!-- commerce -->
      </class> <!-- EcommerceProject.EcommerceApiTest -->
    </test> <!-- Default test -->
  </suite> <!-- Default suite -->
</testng-results>
